make all --print-data-base --no-builtin-variables --no-builtin-rules --question
find: './test': No such file or directory

# GNU Make 4.3
# Built for x86_64-pc-linux-gnu
# Copyright (C) 1988-2020 Free Software Foundation, Inc.
# License GPLv3+: GNU GPL version 3 or later <http://gnu.org/licenses/gpl.html>
# This is free software: you are free to change and redistribute it.
# There is NO WARRANTY, to the extent permitted by law.

# Make data base, printed on Tue Sep 13 19:46:35 2022

# Variables

# environment
GDK_BACKEND = x11
# makefile (from 'Makefile', line 9)
MAINO = $(patsubst $(SDIR)/%.cpp, $(ODIR)/%.o, $(MAIN))
# environment
LC_ALL = C
# environment
GNOME_SHELL_SESSION_MODE = ubuntu
# environment
SSH_AGENT_LAUNCHER = gnome-keyring
# environment
GJS_DEBUG_OUTPUT = stderr
# environment
LC_NAME = ru_RU.UTF-8
# environment
LC_NUMERIC = ru_RU.UTF-8
# makefile (from 'Makefile', line 1)
BASENAME = autumnmoon_test
# environment
VSCODE_CWD = /home/stepanvar
# environment
WINDOWPATH = 2
# environment
LC_ADDRESS = ru_RU.UTF-8
# default
MAKE_COMMAND := make
# environment
QT_ACCESSIBILITY = 1
# automatic
@D = $(patsubst %/,%,$(dir $@))
# environment
VSCODE_HANDLES_UNCAUGHT_ERRORS = true
# default
.VARIABLES := 
# environment
PWD = /home/stepanvar/Documents/clean_prog/CPP/mvc_pattern
# automatic
%D = $(patsubst %/,%,$(dir $%))
# environment
LSCOLORS = Gxfxcxdxbxegedabagacad
# environment
XDG_DATA_DIRS = /usr/share/ubuntu:/usr/share/gnome:/home/stepanvar/.local/share/flatpak/exports/share:/var/lib/flatpak/exports/share:/usr/local/share/:/usr/share/:/var/lib/snapd/desktop
# environment
OLDPWD = /home/stepanvar
# automatic
^D = $(patsubst %/,%,$(dir $^))
# automatic
%F = $(notdir $%)
# environment
VSCODE_CODE_CACHE_PATH = /home/stepanvar/.config/Code/CachedData/784b0177c56c607789f9638da7b6bf3230d47a8c
# environment
LANG = C
# environment
XAUTHORITY = /run/user/1000/gdm/Xauthority
# default
.LOADED := 
# default
.INCLUDE_DIRS = /usr/local/include /usr/include /usr/include
# makefile
MAKEFLAGS = pqrR
# makefile
CURDIR := /home/stepanvar/Documents/clean_prog/CPP/mvc_pattern
# environment
APPLICATION_INSIGHTS_NO_DIAGNOSTIC_CHANNEL = 1
# makefile (from 'Makefile', line 10)
SRCS = $(shell find $(SDIR) -wholename '*.cpp' ! -wholename "$(MAIN)" )
# automatic
*D = $(patsubst %/,%,$(dir $*))
# environment
MFLAGS = -pqrR
# environment
SSH_AUTH_SOCK = /run/user/1000/keyring/ssh
# default
.SHELLFLAGS := -c
# environment
XDG_CONFIG_DIRS = /etc/xdg/xdg-ubuntu:/etc/xdg
# automatic
+D = $(patsubst %/,%,$(dir $+))
# makefile (from 'Makefile', line 3)
ODIR = ./bin
# environment
XDG_SESSION_DESKTOP = ubuntu
# makefile (from 'Makefile', line 1)
MAKEFILE_LIST := Makefile
# automatic
@F = $(notdir $@)
# environment
ZSH = /home/stepanvar/.oh-my-zsh
# environment
VSCODE_PID = 7792
# environment
XDG_SESSION_TYPE = x11
# automatic
?D = $(patsubst %/,%,$(dir $?))
# environment
SESSION_MANAGER = local/step:@/tmp/.ICE-unix/5836,unix/step:/tmp/.ICE-unix/5836
# automatic
*F = $(notdir $*)
# environment
CHROME_DESKTOP = code-url-handler.desktop
# environment
DBUS_SESSION_BUS_ADDRESS = unix:path=/run/user/1000/bus
# makefile (from 'Makefile', line 2)
TNAME = unit_$(BASENAME)
# automatic
<D = $(patsubst %/,%,$(dir $<))
# makefile (from 'Makefile', line 14)
TOBJS = $(patsubst $(TDIR)/%.cpp, $(ODIR)/%.o, $(TSRCS))
# environment
VSCODE_NLS_CONFIG = {"locale":"en","availableLanguages":{},"_languagePackSupport":true}
# default
MAKE_HOST := x86_64-pc-linux-gnu
# makefile (from 'Makefile', line 11)
OBJS = $(patsubst $(SDIR)/%.cpp, $(ODIR)/%.o, $(SRCS))
# environment
GNOME_DESKTOP_SESSION_ID = this-is-deprecated
# makefile
SHELL = /bin/sh
# default
MAKECMDGOALS := all
# environment
XMODIFIERS = @im=ibus
# environment
DOTNET_BUNDLE_EXTRACT_BASE_DIR = /home/stepanvar/.cache/dotnet_bundle_extract
# environment
GJS_DEBUG_TOPICS = JS ERROR;JS LOG
# environment
SHLVL = 0
# makefile (from 'Makefile', line 4)
SDIR = ./src
# environment
MAKELEVEL := 0
# default
MAKE = $(MAKE_COMMAND)
# environment
PATH = /home/stepanvar/.local/bin:/home/stepanvar/bin:/usr/local/sbin:/usr/local/bin:/usr/sbin:/usr/bin:/sbin:/bin:/usr/games:/usr/local/games:/snap/bin:/snap/bin:/home/stepanvar/.dotnet/tools
# default
MAKEFILES := 
# environment
LC_MONETARY = ru_RU.UTF-8
# automatic
^F = $(notdir $^)
# environment
LC_TIME = ru_RU.UTF-8
# makefile (from 'Makefile', line 8)
MAIN = $(shell grep -l "main" $(SDIR)/*.cpp)
# environment
INVOCATION_ID = ccfb04484a804707970e0d2f8301bb7b
# makefile (from 'Makefile', line 17)
INCS = $(patsubst %, -I%, $(SUBDIRS))
# makefile (from 'Makefile', line 7)
TDIR = ./test
# environment
USERNAME = stepanvar
# environment
LC_TELEPHONE = ru_RU.UTF-8
# automatic
?F = $(notdir $?)
# makefile (from 'Makefile', line 22)
NAME = $(addsuffix .a, $(BASENAME))
# environment
XDG_CURRENT_DESKTOP = Unity
# environment
LS_COLORS = 
# automatic
+F = $(notdir $+)
# environment
LESS = -R
# environment
DESKTOP_SESSION = ubuntu
# environment
ORIGINAL_XDG_CURRENT_DESKTOP = ubuntu:GNOME
# 'override' directive
GNUMAKEFLAGS := 
# makefile (from 'Makefile', line 13)
TSRCS = $(shell find $(TDIR) -name '*.cpp')
# environment
LOGNAME = stepanvar
# environment
GIO_LAUNCHED_DESKTOP_FILE = /usr/share/applications/code.desktop
# makefile
.DEFAULT_GOAL := all
# environment
SYSTEMD_EXEC_PID = 5874
# makefile (from 'Makefile', line 19)
RM = rm -rf
# environment
DISPLAY = :1
# environment
USER = stepanvar
# environment
GTK_MODULES = gail:atk-bridge
# default
MAKE_VERSION := 4.3
# 'override' directive
.SHELLSTATUS := 1
# environment
MANAGERPID = 5470
# environment
LC_MEASUREMENT = ru_RU.UTF-8
# environment
GIO_LAUNCHED_DESKTOP_FILE_PID = 7792
# environment
PAGER = less
# environment
_ = /usr/share/code/code
# environment
LC_PAPER = ru_RU.UTF-8
# environment
XDG_RUNTIME_DIR = /run/user/1000
# makefile (from 'Makefile', line 15)
CFLAGS = -Wall -Wextra -g $(AFL)
# makefile (from 'Makefile', line 16)
SUBDIRS = $(shell find $(LDIR) -type d -name 'src')
# environment
GPG_AGENT_INFO = /run/user/1000/gnupg/S.gpg-agent:0:1
# makefile (from 'Makefile', line 5)
DDIR = ./deps
# environment
JOURNAL_STREAM = 8:33642
# environment
XDG_SESSION_CLASS = user
# environment
VSCODE_AMD_ENTRYPOINT = vs/workbench/api/node/extensionHostProcess
# environment
HOME = /home/stepanvar
# environment
QT_IM_MODULE = ibus
# environment
ELECTRON_RUN_AS_NODE = 1
# environment
VSCODE_IPC_HOOK = /run/user/1000/vscode-d1f3a97f-1.71.0-main.sock
# default
.RECIPEPREFIX := 
# automatic
<F = $(notdir $<)
# makefile (from 'Makefile', line 12)
DEPS = $(patsubst $(ODIR)/%.o, $(DDIR)/%.d, $(OBJS))
# default
SUFFIXES := 
# makefile (from 'Makefile', line 6)
LDIR = ./libs
# default
.FEATURES := target-specific order-only second-expansion else-if shortest-stem undefine oneshell nocomment grouped-target extra-prereqs archives jobserver output-sync check-symlink load
# makefile (from 'Makefile', line 18)
CC = clang++
# environment
XDG_MENU_PREFIX = gnome-
# environment
DOTNET_ROOT = /usr/lib/dotnet/dotnet6-6.0.108
# environment
GDMSESSION = ubuntu
# environment
LC_IDENTIFICATION = ru_RU.UTF-8
# variable set hash-table stats:
# Load=127/1024=12%, Rehash=0, Collisions=10/275=4%

# Pattern-specific Variable Values

# No pattern-specific variable values.

# Directories

# src (device 2051, inode 7474186): 4 files, no impossibilities so far.
# . (device 2051, inode 7474092): 11 files, no impossibilities.
# test: could not be stat'd.

# 15 files, no impossibilities in 3 directories.

# Implicit Rules

bin/%.o: src/%.cpp
#  recipe to execute (from 'Makefile', line 30):
 
	@echo
	@echo "\033[1;42mCreate non main obj files\033[0m"
	mkdir -p $(dir $@)
	$(CC) -c -o $@ $< -MMD

bin/%.o: test/%.cpp
#  recipe to execute (from 'Makefile', line 46):
	$(CC) $(CFLAGS) -c -o $@ $< $(INCS) -lcheck -lm -lsubunit -MMD

# 2 implicit rules, 0 (0.0%) terminal.
# Files

check: all unit_autumnmoon_test
#  Phony target (prerequisite of .PHONY).
#  Implicit rule search has not been done.
#  File does not exist.
#  File has not been updated.

bin/mvc_pattern.o: src/mvc_pattern.cpp
#  Implicit rule search has been done.
#  Implicit/static pattern stem: 'mvc_pattern'
#  File does not exist.
#  File has been updated.
#  Needs to be updated (-q is set).
# automatic
# @ := bin/mvc_pattern.o
# automatic
# * := mvc_pattern
# automatic
# < := src/mvc_pattern.cpp
# automatic
# + := src/mvc_pattern.cpp
# automatic
# % := 
# automatic
# ^ := src/mvc_pattern.cpp
# automatic
# ? := src/mvc_pattern.cpp
# automatic
# | := 
# variable set hash-table stats:
# Load=8/32=25%, Rehash=0, Collisions=2/15=13%
#  recipe to execute (from 'Makefile', line 30):
	@echo
	@echo "\033[1;42mCreate non main obj files\033[0m"
	mkdir -p $(dir $@)
	$(CC) -c -o $@ $< -MMD

# Not a target:
unit_test_driver.o:
#  Implicit rule search has not been done.
#  Modification time never checked.
#  File has not been updated.

unit_autumnmoon_test:
#  Implicit rule search has not been done.
#  Modification time never checked.
#  File has not been updated.
#  recipe to execute (from 'Makefile', line 39):
	@echo
	@echo "\033[1;42mCreate unit tests\033[0m"
	mkdir -p $(TDIR)
	$(CC) $(CFLAGS) -o $(TNAME) ${SRCS} $^ $(INCS) -lcheck -lm -lsubunit
	mv $(ODIR)/*.d $(DDIR)/

# Not a target:
Makefile:
#  Implicit rule search has been done.
#  Last modified 2022-07-21 18:54:15.074085162
#  File has been updated.
#  Successfully updated.

clean:
#  Phony target (prerequisite of .PHONY).
#  Implicit rule search has not been done.
#  File does not exist.
#  File has not been updated.
#  recipe to execute (from 'Makefile', line 72):
	$(RM) $(NAME)

re: fclean r check
#  Phony target (prerequisite of .PHONY).
#  Implicit rule search has not been done.
#  File does not exist.
#  File has not been updated.

# Not a target:
deps/mvc_pattern.d:
#  Implicit rule search has been done.
#  File does not exist.
#  File has been updated.
#  Failed to be updated.

# Not a target:
.DEFAULT:
#  Implicit rule search has not been done.
#  Modification time never checked.
#  File has not been updated.

all: bin/mvc_pattern.o
#  Phony target (prerequisite of .PHONY).
#  Command line target.
#  Implicit rule search has not been done.
#  File does not exist.
#  File has been updated.
#  Needs to be updated (-q is set).
# variable set hash-table stats:
# Load=0/32=0%, Rehash=0, Collisions=0/4=0%

fclean: clean
#  Phony target (prerequisite of .PHONY).
#  Implicit rule search has not been done.
#  File does not exist.
#  File has not been updated.
#  recipe to execute (from 'Makefile', line 76):
	$(RM) $(ODIR)/* 
	$(RM) $(DDIR)/*

unit_test: unit_test_driver.o bin/mvc_pattern.o
#  Phony target (prerequisite of .PHONY).
#  Implicit rule search has not been done.
#  File does not exist.
#  File has not been updated.
#  recipe to execute (from 'Makefile', line 49):
	$(CC) $^

# Not a target:
src/mvc_pattern.cpp:
#  Implicit rule search has been done.
#  Last modified 2022-07-21 23:18:58.344965724
#  File has been updated.
#  Successfully updated.

r: all autumnmoon_test.a
#  Phony target (prerequisite of .PHONY).
#  Implicit rule search has not been done.
#  File does not exist.
#  File has not been updated.

autumnmoon_test.a: bin/mvc_pattern.o
#  Implicit rule search has not been done.
#  Modification time never checked.
#  File has not been updated.
#  recipe to execute (from 'Makefile', line 54):
	@echo
	@echo "\033[1;42mCreate library file\033[0m"
	mkdir -p $(DDIR)
	ar rcs $(NAME) $?
	mv $(ODIR)/*.d $(DDIR)/

.PHONY: all check unit_test r clean fclean re
#  Implicit rule search has not been done.
#  Modification time never checked.
#  File has not been updated.

# files hash-table stats:
# Load=17/1024=2%, Rehash=0, Collisions=0/65=0%
# VPATH Search Paths

# No 'vpath' search paths.

# No general ('VPATH' variable) search path.

# strcache buffers: 1 (0) / strings = 36 / storage = 365 B / avg = 10 B
# current buf: size = 8162 B / used = 365 B / count = 36 / avg = 10 B

# strcache performance: lookups = 86 / hit rate = 58%
# hash-table stats:
# Load=36/8192=0%, Rehash=0, Collisions=0/86=0%
# Finished Make data base on Tue Sep 13 19:46:35 2022

 
